<?xml version="1.0" encoding="UTF-8"?>
<!-- Generated by org.testng.reporters.JUnitReportReporter -->
<testsuite hostname="DESKTOP-A3LTFT5" failures="0" tests="7" name="IntegerTests" time="0.011" errors="0" timestamp="2023-11-08T12:18:03 CET" skipped="0">
  <testcase classname="IntegerTests" name="testParseIntValidNumber" time="0.000"/>
  <testcase classname="IntegerTests" name="testToString" time="0.001"/>
  <testcase classname="IntegerTests" name="testValueOfValidNumber" time="0.001"/>
  <testcase classname="IntegerTests" name="testHashCode" time="0.001"/>
  <testcase classname="IntegerTests" name="testCompareTo" time="0.007"/>
  <testcase classname="IntegerTests" name="testParseIntInvalidNumber" time="0.000"/>
  <testcase classname="IntegerTests" name="testEquals" time="0.001"/>
</testsuite> <!-- IntegerTests -->
